4
2
1
1
1
1
1
1
1
1
1
1
1
1
1
1
2
2
2
2
3
3
4
4
5
5
6
6
7
8
9
10
11
12
13
14
15
17
19
21
23
25
28
31
34
37
41
45
50
55
60
66
73
80
88
97
107
118
130
143
157
173
190
209
230
253
278
306
336
370
407
448
493
542
596
656
722
794
873
960
1056
1162
1278
1406
1547
1702
1872
2059
2265
2492
2741
3015
3317
3649
4014
4415
4857
5342
5876
6464
7111
7822
8604
9464
10411
11452
12597
13857
15243
16767
18444
20288
22317
24549
27004
29704
32675
35942
39536
43490
47839
52623
57886
63674
70042
77046
84751
93226
102549
112804
124084
136492
150141
165155
181671
199838
219822
241804
265985
292584
321842
354026
389429
428372
471209
518330
570163
627179
689897
758887
834776
918254
1010079
1111087
1222196
1344416
1478857
1626743
1789417
1968359
2165195
2381715
2619886
2881875
3170062
3487068
3835775
4219353
4641288
5105417
5615959
java.lang.OutOfMemoryError: Java heap space
Dumping heap to ./dumps/java_pid5476.hprof ...
Heap dump file created [460292994 bytes in 2,734 secs]
